
24. Printing statistics.

=== iiitb_gc ===

   Number of wires:                 43
   Number of wire bits:             50
   Number of public wires:          11
   Number of public wire bits:      18
   Number of memories:               0
   Number of memory bits:            0
   Number of processes:              0
   Number of cells:                 47
     sky130_fd_sc_hd__a211o_2        1
     sky130_fd_sc_hd__a21oi_2        4
     sky130_fd_sc_hd__a31o_2         1
     sky130_fd_sc_hd__a41o_2         2
     sky130_fd_sc_hd__and2_2         3
     sky130_fd_sc_hd__and3_2         3
     sky130_fd_sc_hd__buf_1          4
     sky130_fd_sc_hd__dfxtp_2        8
     sky130_fd_sc_hd__nand2_2        1
     sky130_fd_sc_hd__nand3_2        1
     sky130_fd_sc_hd__nor2_2         5
     sky130_fd_sc_hd__nor3_2         1
     sky130_fd_sc_hd__o211a_2        1
     sky130_fd_sc_hd__o21a_2         2
     sky130_fd_sc_hd__o21ba_2        1
     sky130_fd_sc_hd__or2_2          1
     sky130_fd_sc_hd__xnor2_2        1
     sky130_fd_sc_hd__xor2_2         4
     sky130_vsdinv                   3

   Chip area for module '\iiitb_gc': 500.480000

