OpenROAD 4a99e88667b0840531ca0096c4fa0da8f80d6cb1 
This program is licensed under the BSD-3 license. See the LICENSE file for details.
Components of this program may be licensed under more restrictive licenses which must be honored.
[INFO ODB-0222] Reading LEF file: /openlane/designs/iiitb_gc/runs/RUN_2022.08.30_11.54.53/tmp/merged.nom.lef
[WARNING ODB-0220] WARNING (LEFPARS-2036): SOURCE statement is obsolete in version 5.6 and later.
The LEF parser will ignore this statement.
To avoid this warning in the future, remove this statement from the LEF file with version 5.6 or later. See file /openlane/designs/iiitb_gc/runs/RUN_2022.08.30_11.54.53/tmp/merged.nom.lef at line 930.

[INFO ODB-0223]     Created 13 technology layers
[INFO ODB-0224]     Created 25 technology vias
[INFO ODB-0225]     Created 442 library cells
[INFO ODB-0226] Finished LEF file:  /openlane/designs/iiitb_gc/runs/RUN_2022.08.30_11.54.53/tmp/merged.nom.lef
[INFO ODB-0127] Reading DEF file: /openlane/designs/iiitb_gc/runs/RUN_2022.08.30_11.54.53/tmp/placement/8-resizer.buffers_removed.def
[INFO ODB-0128] Design: iiitb_gc
[INFO ODB-0130]     Created 13 pins.
[INFO ODB-0131]     Created 124 components and 610 component-terminals.
[INFO ODB-0132]     Created 2 special nets and 430 connections.
[INFO ODB-0133]     Created 61 nets and 180 connections.
[INFO ODB-0134] Finished DEF file: /openlane/designs/iiitb_gc/runs/RUN_2022.08.30_11.54.53/tmp/placement/8-resizer.buffers_removed.def
Placement Analysis
---------------------------------
total displacement          0.0 u
average displacement        0.0 u
max displacement            0.0 u
original HPWL             947.7 u
legalized HPWL            976.6 u
delta HPWL                    3 %

[INFO DPL-0020] Mirrored 25 instances
[INFO DPL-0021] HPWL before             976.6 u
[INFO DPL-0022] HPWL after              947.7 u
[INFO DPL-0023] HPWL delta               -3.0 %
