OpenROAD 4a99e88667b0840531ca0096c4fa0da8f80d6cb1 
This program is licensed under the BSD-3 license. See the LICENSE file for details.
Components of this program may be licensed under more restrictive licenses which must be honored.
[INFO ODB-0222] Reading LEF file: /openlane/designs/iiitb_gc/runs/RUN_2022.08.30_11.54.53/tmp/merged.nom.lef
[WARNING ODB-0220] WARNING (LEFPARS-2036): SOURCE statement is obsolete in version 5.6 and later.
The LEF parser will ignore this statement.
To avoid this warning in the future, remove this statement from the LEF file with version 5.6 or later. See file /openlane/designs/iiitb_gc/runs/RUN_2022.08.30_11.54.53/tmp/merged.nom.lef at line 930.

[INFO ODB-0223]     Created 13 technology layers
[INFO ODB-0224]     Created 25 technology vias
[INFO ODB-0225]     Created 442 library cells
[INFO ODB-0226] Finished LEF file:  /openlane/designs/iiitb_gc/runs/RUN_2022.08.30_11.54.53/tmp/merged.nom.lef
[INFO ODB-0127] Reading DEF file: /openlane/designs/iiitb_gc/runs/RUN_2022.08.30_11.54.53/tmp/routing/19-fill.def
[INFO ODB-0128] Design: iiitb_gc
[INFO ODB-0130]     Created 13 pins.
[INFO ODB-0131]     Created 338 components and 1466 component-terminals.
[INFO ODB-0132]     Created 2 special nets and 1286 connections.
[INFO ODB-0133]     Created 61 nets and 180 connections.
[INFO ODB-0134] Finished DEF file: /openlane/designs/iiitb_gc/runs/RUN_2022.08.30_11.54.53/tmp/routing/19-fill.def
[INFO ORD-0030] Using 2 thread(s).
[INFO DRT-0149] Reading tech and libs.

Units:                1000
Number of layers:     13
Number of macros:     442
Number of vias:       25
Number of viarulegen: 25

[INFO DRT-0150] Reading design.

Design:                   iiitb_gc
Die area:                 ( 0 0 ) ( 61065 71785 )
Number of track patterns: 12
Number of DEF vias:       4
Number of components:     338
Number of terminals:      13
Number of snets:          2
Number of nets:           61

[INFO DRT-0167] List of default vias:
  Layer mcon
    default via: L1M1_PR
  Layer via
    default via: M1M2_PR
  Layer via2
    default via: M2M3_PR
  Layer via3
    default via: M3M4_PR
  Layer via4
    default via: M4M5_PR
[INFO DRT-0162] Library cell analysis.
[INFO DRT-0163] Instance analysis.
[INFO DRT-0164] Number of unique instances = 56.
[INFO DRT-0168] Init region query.
[INFO DRT-0024]   Complete FR_MASTERSLICE.
[INFO DRT-0024]   Complete FR_VIA.
[INFO DRT-0024]   Complete li1.
[INFO DRT-0024]   Complete mcon.
[INFO DRT-0024]   Complete met1.
[INFO DRT-0024]   Complete via.
[INFO DRT-0024]   Complete met2.
[INFO DRT-0024]   Complete via2.
[INFO DRT-0024]   Complete met3.
[INFO DRT-0024]   Complete via3.
[INFO DRT-0024]   Complete met4.
[INFO DRT-0024]   Complete via4.
[INFO DRT-0024]   Complete met5.
[INFO DRT-0033] FR_MASTERSLICE shape region query size = 0.
[INFO DRT-0033] FR_VIA shape region query size = 0.
[INFO DRT-0033] li1 shape region query size = 2880.
[INFO DRT-0033] mcon shape region query size = 3776.
[INFO DRT-0033] met1 shape region query size = 883.
[INFO DRT-0033] via shape region query size = 380.
[INFO DRT-0033] met2 shape region query size = 234.
[INFO DRT-0033] via2 shape region query size = 304.
[INFO DRT-0033] met3 shape region query size = 233.
[INFO DRT-0033] via3 shape region query size = 304.
[INFO DRT-0033] met4 shape region query size = 124.
[INFO DRT-0033] via4 shape region query size = 32.
[INFO DRT-0033] met5 shape region query size = 48.
[INFO DRT-0165] Start pin access.
[INFO DRT-0076]   Complete 100 pins.
[INFO DRT-0078]   Complete 125 pins.
[INFO DRT-0081]   Complete 48 unique inst patterns.
[INFO DRT-0084]   Complete 58 groups.
#scanned instances     = 338
#unique  instances     = 56
#stdCellGenAp          = 957
#stdCellValidPlanarAp  = 0
#stdCellValidViaAp     = 748
#stdCellPinNoAp        = 0
#stdCellPinCnt         = 180
#instTermValidViaApCnt = 0
#macroGenAp            = 0
#macroValidPlanarAp    = 0
#macroValidViaAp       = 0
#macroNoAp             = 0
[INFO DRT-0166] Complete pin access.
[INFO DRT-0267] cpu time = 00:00:02, elapsed time = 00:00:01, memory = 100.80 (MB), peak = 100.80 (MB)

Number of guides:     373

[INFO DRT-0169] Post process guides.
[INFO DRT-0176] GCELLGRID X 0 DO 8 STEP 6900 ;
[INFO DRT-0177] GCELLGRID Y 0 DO 10 STEP 6900 ;
[INFO DRT-0028]   Complete FR_MASTERSLICE.
[INFO DRT-0028]   Complete FR_VIA.
[INFO DRT-0028]   Complete li1.
[INFO DRT-0028]   Complete mcon.
[INFO DRT-0028]   Complete met1.
[INFO DRT-0028]   Complete via.
[INFO DRT-0028]   Complete met2.
[INFO DRT-0028]   Complete via2.
[INFO DRT-0028]   Complete met3.
[INFO DRT-0028]   Complete via3.
[INFO DRT-0028]   Complete met4.
[INFO DRT-0028]   Complete via4.
[INFO DRT-0028]   Complete met5.
[INFO DRT-0178] Init guide query.
[INFO DRT-0035]   Complete FR_MASTERSLICE (guide).
[INFO DRT-0035]   Complete FR_VIA (guide).
[INFO DRT-0035]   Complete li1 (guide).
[INFO DRT-0035]   Complete mcon (guide).
[INFO DRT-0035]   Complete met1 (guide).
[INFO DRT-0035]   Complete via (guide).
[INFO DRT-0035]   Complete met2 (guide).
[INFO DRT-0035]   Complete via2 (guide).
[INFO DRT-0035]   Complete met3 (guide).
[INFO DRT-0035]   Complete via3 (guide).
[INFO DRT-0035]   Complete met4 (guide).
[INFO DRT-0035]   Complete via4 (guide).
[INFO DRT-0035]   Complete met5 (guide).
[INFO DRT-0036] FR_MASTERSLICE guide region query size = 0.
[INFO DRT-0036] FR_VIA guide region query size = 0.
[INFO DRT-0036] li1 guide region query size = 146.
[INFO DRT-0036] mcon guide region query size = 0.
[INFO DRT-0036] met1 guide region query size = 108.
[INFO DRT-0036] via guide region query size = 0.
[INFO DRT-0036] met2 guide region query size = 60.
[INFO DRT-0036] via2 guide region query size = 0.
[INFO DRT-0036] met3 guide region query size = 5.
[INFO DRT-0036] via3 guide region query size = 0.
[INFO DRT-0036] met4 guide region query size = 0.
[INFO DRT-0036] via4 guide region query size = 0.
[INFO DRT-0036] met5 guide region query size = 0.
[INFO DRT-0179] Init gr pin query.
[INFO DRT-0245] skipped writing guide updates to database.
[INFO DRT-0185] Post process initialize RPin region query.
[INFO DRT-0181] Start track assignment.
[INFO DRT-0184] Done with 206 vertical wires in 1 frboxes and 113 horizontal wires in 1 frboxes.
[INFO DRT-0186] Done with 28 vertical wires in 1 frboxes and 23 horizontal wires in 1 frboxes.
[INFO DRT-0182] Complete track assignment.
[INFO DRT-0267] cpu time = 00:00:00, elapsed time = 00:00:00, memory = 102.73 (MB), peak = 102.73 (MB)
[INFO DRT-0187] Start routing data preparation.
[INFO DRT-0267] cpu time = 00:00:00, elapsed time = 00:00:00, memory = 102.74 (MB), peak = 102.74 (MB)
[INFO DRT-0194] Start detail routing.
[INFO DRT-0195] Start 0th optimization iteration.
    Completing 10% with 0 violations.
    elapsed time = 00:00:00, memory = 116.85 (MB).
    Completing 20% with 4 violations.
    elapsed time = 00:00:00, memory = 116.85 (MB).
    Completing 30% with 4 violations.
    elapsed time = 00:00:00, memory = 116.85 (MB).
    Completing 40% with 4 violations.
    elapsed time = 00:00:00, memory = 116.85 (MB).
[INFO DRT-0199]   Number of violations = 17.
[INFO DRT-0267] cpu time = 00:00:00, elapsed time = 00:00:00, memory = 453.63 (MB), peak = 465.41 (MB)
Total wire length = 1070 um.
Total wire length on LAYER li1 = 0 um.
Total wire length on LAYER met1 = 539 um.
Total wire length on LAYER met2 = 497 um.
Total wire length on LAYER met3 = 32 um.
Total wire length on LAYER met4 = 0 um.
Total wire length on LAYER met5 = 0 um.
Total number of vias = 366.
Up-via summary (total 366):.

----------------------
 FR_MASTERSLICE      0
            li1    180
           met1    181
           met2      5
           met3      0
           met4      0
----------------------
                   366


[INFO DRT-0195] Start 1st optimization iteration.
    Completing 10% with 17 violations.
    elapsed time = 00:00:00, memory = 453.63 (MB).
    Completing 20% with 16 violations.
    elapsed time = 00:00:00, memory = 453.63 (MB).
    Completing 30% with 13 violations.
    elapsed time = 00:00:00, memory = 453.63 (MB).
    Completing 40% with 2 violations.
    elapsed time = 00:00:00, memory = 453.63 (MB).
[INFO DRT-0199]   Number of violations = 0.
[INFO DRT-0267] cpu time = 00:00:00, elapsed time = 00:00:00, memory = 453.75 (MB), peak = 465.75 (MB)
Total wire length = 1055 um.
Total wire length on LAYER li1 = 0 um.
Total wire length on LAYER met1 = 530 um.
Total wire length on LAYER met2 = 497 um.
Total wire length on LAYER met3 = 27 um.
Total wire length on LAYER met4 = 0 um.
Total wire length on LAYER met5 = 0 um.
Total number of vias = 372.
Up-via summary (total 372):.

----------------------
 FR_MASTERSLICE      0
            li1    180
           met1    187
           met2      5
           met3      0
           met4      0
----------------------
                   372


[INFO DRT-0198] Complete detail routing.
Total wire length = 1055 um.
Total wire length on LAYER li1 = 0 um.
Total wire length on LAYER met1 = 530 um.
Total wire length on LAYER met2 = 497 um.
Total wire length on LAYER met3 = 27 um.
Total wire length on LAYER met4 = 0 um.
Total wire length on LAYER met5 = 0 um.
Total number of vias = 372.
Up-via summary (total 372):.

----------------------
 FR_MASTERSLICE      0
            li1    180
           met1    187
           met2      5
           met3      0
           met4      0
----------------------
                   372


[INFO DRT-0267] cpu time = 00:00:01, elapsed time = 00:00:01, memory = 453.75 (MB), peak = 465.75 (MB)

[INFO DRT-0180] Post processing.
Saving to /openlane/designs/iiitb_gc/runs/RUN_2022.08.30_11.54.53/results/routing/iiitb_gc.def
