Tue Aug 30 11:54:56 UTC 2022 - Executing "openroad -python /openlane/scripts/odbpy/lefutil.py get_metal_layers -o /openlane/designs/iiitb_gc/runs/RUN_2022.08.30_11.54.53/tmp/layers.list /home/tejasbn/Desktop/OpenLane/pdks/sky130A/libs.ref/sky130_fd_sc_hd/techlef/sky130_fd_sc_hd__nom.tlef"

Tue Aug 30 11:54:59 UTC 2022 - Executing "/openlane/scripts/mergeLef.py -o /openlane/designs/iiitb_gc/runs/RUN_2022.08.30_11.54.53/tmp/merged.nom.lef -i /home/tejasbn/Desktop/OpenLane/pdks/sky130A/libs.ref/sky130_fd_sc_hd/techlef/sky130_fd_sc_hd__nom.tlef {/home/tejasbn/Desktop/OpenLane/pdks/sky130A/libs.ref/sky130_fd_sc_hd/lef/sky130_ef_sc_hd.lef /home/tejasbn/Desktop/OpenLane/pdks/sky130A/libs.ref/sky130_fd_sc_hd/lef/sky130_fd_sc_hd.lef} |& tee /dev/null"

Tue Aug 30 11:54:59 UTC 2022 - Executing "/openlane/scripts/mergeLef.py -o /openlane/designs/iiitb_gc/runs/RUN_2022.08.30_11.54.53/tmp/merged.min.lef -i /home/tejasbn/Desktop/OpenLane/pdks/sky130A/libs.ref/sky130_fd_sc_hd/techlef/sky130_fd_sc_hd__min.tlef {/home/tejasbn/Desktop/OpenLane/pdks/sky130A/libs.ref/sky130_fd_sc_hd/lef/sky130_ef_sc_hd.lef /home/tejasbn/Desktop/OpenLane/pdks/sky130A/libs.ref/sky130_fd_sc_hd/lef/sky130_fd_sc_hd.lef} |& tee /dev/null"

Tue Aug 30 11:54:59 UTC 2022 - Executing "/openlane/scripts/mergeLef.py -o /openlane/designs/iiitb_gc/runs/RUN_2022.08.30_11.54.53/tmp/merged.max.lef -i /home/tejasbn/Desktop/OpenLane/pdks/sky130A/libs.ref/sky130_fd_sc_hd/techlef/sky130_fd_sc_hd__max.tlef {/home/tejasbn/Desktop/OpenLane/pdks/sky130A/libs.ref/sky130_fd_sc_hd/lef/sky130_ef_sc_hd.lef /home/tejasbn/Desktop/OpenLane/pdks/sky130A/libs.ref/sky130_fd_sc_hd/lef/sky130_fd_sc_hd.lef} |& tee /dev/null"

Tue Aug 30 11:55:00 UTC 2022 - Executing "openroad -python /openlane/scripts/mergeLib.py --output /openlane/designs/iiitb_gc/runs/RUN_2022.08.30_11.54.53/tmp/synthesis/merged.lib --name sky130A_merged /openlane/designs/iiitb_gc/src/sky130_fd_sc_hd__typical.lib"

Tue Aug 30 11:55:01 UTC 2022 - Executing "openroad -python /openlane/scripts/libtrim.py --cell-file /openlane/designs/iiitb_gc/runs/RUN_2022.08.30_11.54.53/tmp/synthesis/trimmed.lib.exclude.list --output /openlane/designs/iiitb_gc/runs/RUN_2022.08.30_11.54.53/tmp/synthesis/trimmed.lib /openlane/designs/iiitb_gc/runs/RUN_2022.08.30_11.54.53/tmp/synthesis/merged.lib"

Tue Aug 30 11:55:01 UTC 2022 - Executing "openroad -python /openlane/scripts/new_tracks.py -i /home/tejasbn/Desktop/OpenLane/pdks/sky130A/libs.tech/openlane/sky130_fd_sc_hd/tracks.info -o /openlane/designs/iiitb_gc/runs/RUN_2022.08.30_11.54.53/tmp/routing/config.tracks"

Tue Aug 30 11:55:01 UTC 2022 - Executing "echo {openlane 94521291e39eb5895aceb059b655cd2532d5564b} > /openlane/designs/iiitb_gc/runs/RUN_2022.08.30_11.54.53/OPENLANE_VERSION"

Tue Aug 30 11:55:19 UTC 2022 - Executing "/openlane/scripts/mergeLef.py -i /openlane/designs/iiitb_gc/runs/RUN_2022.08.30_11.54.53/tmp/merged.nom.lef /openlane/designs/iiitb_gc/src/sky130_vsdinv.lef -o /openlane/designs/iiitb_gc/runs/RUN_2022.08.30_11.54.53/tmp/merged.nom.lef.new"

Tue Aug 30 11:55:19 UTC 2022 - Executing "mv /openlane/designs/iiitb_gc/runs/RUN_2022.08.30_11.54.53/tmp/merged.nom.lef.new /openlane/designs/iiitb_gc/runs/RUN_2022.08.30_11.54.53/tmp/merged.nom.lef"

Tue Aug 30 11:55:26 UTC 2022 - Executing "sed -E {s/^([[:space:]]+)pg_pin(.*)/\1pin\2\n\1    direction : "inout";/g} /openlane/designs/iiitb_gc/src/sky130_fd_sc_hd__typical.lib > /openlane/designs/iiitb_gc/runs/RUN_2022.08.30_11.54.53/tmp/synthesis/1-sky130_fd_sc_hd__typical.no_pg.lib"

Tue Aug 30 11:55:26 UTC 2022 - Executing "sed -E {s/^([[:space:]]+)pg_pin(.*)/\1pin\2\n\1    direction : "inout";/g} /openlane/designs/iiitb_gc/runs/RUN_2022.08.30_11.54.53/tmp/synthesis/trimmed.lib > /openlane/designs/iiitb_gc/runs/RUN_2022.08.30_11.54.53/tmp/synthesis/1-trimmed.no_pg.lib"

Tue Aug 30 11:55:26 UTC 2022 - Executing "yosys -c /openlane/scripts/yosys/synth.tcl -l /openlane/designs/iiitb_gc/runs/RUN_2022.08.30_11.54.53/logs/synthesis/1-synthesis.log |& tee /dev/null"

Tue Aug 30 11:55:28 UTC 2022 - Executing "sed -i -e {s/\(set ::env(CURRENT_NETLIST)\).*/\1 \/openlane\/designs\/iiitb_gc\/runs\/RUN_2022.08.30_11.54.53\/results\/synthesis\/iiitb_gc.v/} /openlane/designs/iiitb_gc/runs/RUN_2022.08.30_11.54.53/config.tcl"

Tue Aug 30 11:55:28 UTC 2022 - Executing "sed -i -e {s/\(set ::env(PREV_NETLIST)\).*/\1 0/} /openlane/designs/iiitb_gc/runs/RUN_2022.08.30_11.54.53/config.tcl"

Tue Aug 30 11:55:28 UTC 2022 - Executing "sed -i /defparam/d /openlane/designs/iiitb_gc/runs/RUN_2022.08.30_11.54.53/results/synthesis/iiitb_gc.v"

Tue Aug 30 11:55:28 UTC 2022 - Executing "openroad -exit /openlane/scripts/openroad/sta.tcl |& tee /dev/null /openlane/designs/iiitb_gc/runs/RUN_2022.08.30_11.54.53/logs/synthesis/2-sta.log"

Tue Aug 30 11:55:36 UTC 2022 - Executing "openroad -exit /openlane/scripts/openroad/floorplan.tcl |& tee /dev/null /openlane/designs/iiitb_gc/runs/RUN_2022.08.30_11.54.53/logs/floorplan/3-initial_fp.log"

Tue Aug 30 11:55:37 UTC 2022 - Executing "openroad -python /openlane/scripts/odbpy/snap_to_grid.py --output /openlane/designs/iiitb_gc/runs/RUN_2022.08.30_11.54.53/tmp/floorplan/3-minimized_pdn.txt --input-lef /openlane/designs/iiitb_gc/runs/RUN_2022.08.30_11.54.53/tmp/merged.nom.lef 6.210000000000001 6.12 12.420000000000002 12.24"

Tue Aug 30 11:55:37 UTC 2022 - Executing "openroad -python /openlane/scripts/odbpy/defutil.py extract_core_dims --output-data /openlane/designs/iiitb_gc/runs/RUN_2022.08.30_11.54.53/tmp/dimensions.txt --input-lef /openlane/designs/iiitb_gc/runs/RUN_2022.08.30_11.54.53/tmp/merged.nom.lef /openlane/designs/iiitb_gc/runs/RUN_2022.08.30_11.54.53/tmp/floorplan/3-initial_fp.def"

Tue Aug 30 11:55:38 UTC 2022 - Executing "openroad -exit /openlane/scripts/openroad/ioplacer.tcl |& tee /dev/null /openlane/designs/iiitb_gc/runs/RUN_2022.08.30_11.54.53/logs/floorplan/4-io.log"

Tue Aug 30 11:55:39 UTC 2022 - Executing "openroad -exit /openlane/scripts/openroad/tapcell.tcl |& tee /dev/null /openlane/designs/iiitb_gc/runs/RUN_2022.08.30_11.54.53/logs/floorplan/5-tap.log"

Tue Aug 30 11:55:39 UTC 2022 - Executing "openroad -exit /openlane/scripts/openroad/pdn.tcl |& tee /dev/null /openlane/designs/iiitb_gc/runs/RUN_2022.08.30_11.54.53/logs/floorplan/6-pdn.log"

Tue Aug 30 11:55:45 UTC 2022 - Executing "openroad -exit /openlane/scripts/openroad/gpl.tcl |& tee /dev/null /openlane/designs/iiitb_gc/runs/RUN_2022.08.30_11.54.53/logs/placement/7-global.log"

Tue Aug 30 11:55:47 UTC 2022 - Executing "openroad -exit /openlane/scripts/openroad/resizer.tcl |& tee /dev/null /openlane/designs/iiitb_gc/runs/RUN_2022.08.30_11.54.53/logs/placement/8-resizer.log"

Tue Aug 30 11:55:48 UTC 2022 - Executing "openroad -exit /openlane/scripts/openroad/write_verilog.tcl |& tee /dev/null /openlane/designs/iiitb_gc/runs/RUN_2022.08.30_11.54.53/logs/placement/9-write_verilog.log"

Tue Aug 30 11:55:49 UTC 2022 - Executing "sed -i -e {s/\(set ::env(CURRENT_NETLIST)\).*/\1 \/openlane\/designs\/iiitb_gc\/runs\/RUN_2022.08.30_11.54.53\/results\/placement\/iiitb_gc.resized.v/} /openlane/designs/iiitb_gc/runs/RUN_2022.08.30_11.54.53/config.tcl"

Tue Aug 30 11:55:49 UTC 2022 - Executing "sed -i -e {s/\(set ::env(PREV_NETLIST)\).*/\1 \/openlane\/designs\/iiitb_gc\/runs\/RUN_2022.08.30_11.54.53\/results\/synthesis\/iiitb_gc.v/} /openlane/designs/iiitb_gc/runs/RUN_2022.08.30_11.54.53/config.tcl"

Tue Aug 30 11:55:49 UTC 2022 - Executing "openroad -python /openlane/scripts/odbpy/remove_buffers.py --output /openlane/designs/iiitb_gc/runs/RUN_2022.08.30_11.54.53/tmp/placement/8-resizer.buffers_removed.def --input-lef /openlane/designs/iiitb_gc/runs/RUN_2022.08.30_11.54.53/tmp/merged.nom.lef --match {^$} /openlane/designs/iiitb_gc/runs/RUN_2022.08.30_11.54.53/tmp/placement/8-resizer.def |& tee /dev/null /openlane/designs/iiitb_gc/runs/RUN_2022.08.30_11.54.53/logs/placement/10-remove_buffers.log"

Tue Aug 30 11:55:50 UTC 2022 - Executing "openroad -exit /openlane/scripts/openroad/dpl.tcl |& tee /dev/null /openlane/designs/iiitb_gc/runs/RUN_2022.08.30_11.54.53/logs/placement/11-detailed.log"

Tue Aug 30 11:56:05 UTC 2022 - Executing "openroad -python /openlane/scripts/libtrim.py --cell-file /openlane/designs/iiitb_gc/runs/RUN_2022.08.30_11.54.53/tmp/cts/cts.lib.exclude.list --output /openlane/designs/iiitb_gc/runs/RUN_2022.08.30_11.54.53/tmp/cts/cts.lib /openlane/designs/iiitb_gc/src/sky130_fd_sc_hd__typical.lib"

Tue Aug 30 11:56:05 UTC 2022 - Executing "openroad -exit /openlane/scripts/openroad/cts.tcl |& tee /dev/null /openlane/designs/iiitb_gc/runs/RUN_2022.08.30_11.54.53/logs/cts/12-cts.log"

Tue Aug 30 11:56:49 UTC 2022 - Executing "openroad -exit /openlane/scripts/openroad/write_verilog.tcl |& tee /dev/null /openlane/designs/iiitb_gc/runs/RUN_2022.08.30_11.54.53/logs/cts/13-write_verilog.log"

Tue Aug 30 11:56:49 UTC 2022 - Executing "sed -i -e {s/\(set ::env(CURRENT_NETLIST)\).*/\1 \/openlane\/designs\/iiitb_gc\/runs\/RUN_2022.08.30_11.54.53\/results\/cts\/iiitb_gc.v/} /openlane/designs/iiitb_gc/runs/RUN_2022.08.30_11.54.53/config.tcl"

Tue Aug 30 11:56:49 UTC 2022 - Executing "sed -i -e {s/\(set ::env(PREV_NETLIST)\).*/\1 \/openlane\/designs\/iiitb_gc\/runs\/RUN_2022.08.30_11.54.53\/results\/placement\/iiitb_gc.resized.v/} /openlane/designs/iiitb_gc/runs/RUN_2022.08.30_11.54.53/config.tcl"

Tue Aug 30 11:58:43 UTC 2022 - Executing "openroad -exit /openlane/scripts/openroad/resizer_routing_timing.tcl |& tee /dev/null /openlane/designs/iiitb_gc/runs/RUN_2022.08.30_11.54.53/logs/routing/14-resizer.log"

Tue Aug 30 11:58:44 UTC 2022 - Executing "openroad -exit /openlane/scripts/openroad/write_verilog.tcl |& tee /dev/null /openlane/designs/iiitb_gc/runs/RUN_2022.08.30_11.54.53/logs/routing/15-write_verilog.log"

Tue Aug 30 11:58:45 UTC 2022 - Executing "sed -i -e {s/\(set ::env(CURRENT_NETLIST)\).*/\1 \/openlane\/designs\/iiitb_gc\/runs\/RUN_2022.08.30_11.54.53\/results\/routing\/iiitb_gc.resized.v/} /openlane/designs/iiitb_gc/runs/RUN_2022.08.30_11.54.53/config.tcl"

Tue Aug 30 11:58:45 UTC 2022 - Executing "sed -i -e {s/\(set ::env(PREV_NETLIST)\).*/\1 \/openlane\/designs\/iiitb_gc\/runs\/RUN_2022.08.30_11.54.53\/results\/cts\/iiitb_gc.v/} /openlane/designs/iiitb_gc/runs/RUN_2022.08.30_11.54.53/config.tcl"

Tue Aug 30 11:58:45 UTC 2022 - Executing "openroad -python /openlane/scripts/odbpy/remove_buffers.py --output /openlane/designs/iiitb_gc/runs/RUN_2022.08.30_11.54.53/tmp/routing/14-resizer_timing.buffers_removed.def --input-lef /openlane/designs/iiitb_gc/runs/RUN_2022.08.30_11.54.53/tmp/merged.nom.lef --match {^$} /openlane/designs/iiitb_gc/runs/RUN_2022.08.30_11.54.53/tmp/routing/14-resizer_timing.def |& tee /dev/null /openlane/designs/iiitb_gc/runs/RUN_2022.08.30_11.54.53/logs/placement/16-remove_buffers.log"

Tue Aug 30 11:58:45 UTC 2022 - Executing "openroad -exit /openlane/scripts/openroad/dpl.tcl |& tee /dev/null /openlane/designs/iiitb_gc/runs/RUN_2022.08.30_11.54.53/logs/routing/17-diode_legalization.log"

Tue Aug 30 11:58:46 UTC 2022 - Executing "openroad -exit /openlane/scripts/openroad/groute.tcl |& tee /dev/null /openlane/designs/iiitb_gc/runs/RUN_2022.08.30_11.54.53/logs/routing/18-global.log"

Tue Aug 30 11:58:47 UTC 2022 - Executing "openroad -exit /openlane/scripts/openroad/fill.tcl |& tee /dev/null /openlane/designs/iiitb_gc/runs/RUN_2022.08.30_11.54.53/logs/routing/19-fill.log"

Tue Aug 30 11:58:48 UTC 2022 - Executing "openroad -exit /openlane/scripts/openroad/write_verilog.tcl |& tee /dev/null /openlane/designs/iiitb_gc/runs/RUN_2022.08.30_11.54.53/logs/routing/20-write_verilog_global.log"

Tue Aug 30 11:58:48 UTC 2022 - Executing "sed -i -e {s/\(set ::env(CURRENT_NETLIST)\).*/\1 \/openlane\/designs\/iiitb_gc\/runs\/RUN_2022.08.30_11.54.53\/tmp\/routing\/19-global.v/} /openlane/designs/iiitb_gc/runs/RUN_2022.08.30_11.54.53/config.tcl"

Tue Aug 30 11:58:48 UTC 2022 - Executing "sed -i -e {s/\(set ::env(PREV_NETLIST)\).*/\1 \/openlane\/designs\/iiitb_gc\/runs\/RUN_2022.08.30_11.54.53\/results\/routing\/iiitb_gc.resized.v/} /openlane/designs/iiitb_gc/runs/RUN_2022.08.30_11.54.53/config.tcl"

Tue Aug 30 11:58:48 UTC 2022 - Executing "openroad -exit /openlane/scripts/openroad/droute.tcl |& tee /dev/null /openlane/designs/iiitb_gc/runs/RUN_2022.08.30_11.54.53/logs/routing/21-detailed.log"

Tue Aug 30 11:58:51 UTC 2022 - Executing "openroad -python /openlane/scripts/drc_rosetta.py tr to_klayout -o /openlane/designs/iiitb_gc/runs/RUN_2022.08.30_11.54.53/reports/routing/drt.klayout.xml --design-name iiitb_gc /openlane/designs/iiitb_gc/runs/RUN_2022.08.30_11.54.53/reports/routing/drt.drc"

Tue Aug 30 11:58:52 UTC 2022 - Executing "openroad -exit /openlane/scripts/openroad/write_verilog.tcl |& tee /dev/null /openlane/designs/iiitb_gc/runs/RUN_2022.08.30_11.54.53/logs/routing/22-write_verilog_detailed.log"

Tue Aug 30 11:58:53 UTC 2022 - Executing "sed -i -e {s/\(set ::env(CURRENT_NETLIST)\).*/\1 \/openlane\/designs\/iiitb_gc\/runs\/RUN_2022.08.30_11.54.53\/tmp\/routing\/21-detailed.v/} /openlane/designs/iiitb_gc/runs/RUN_2022.08.30_11.54.53/config.tcl"

Tue Aug 30 11:58:53 UTC 2022 - Executing "sed -i -e {s/\(set ::env(PREV_NETLIST)\).*/\1 \/openlane\/designs\/iiitb_gc\/runs\/RUN_2022.08.30_11.54.53\/tmp\/routing\/19-global.v/} /openlane/designs/iiitb_gc/runs/RUN_2022.08.30_11.54.53/config.tcl"

